{
	"name": "AssertionError",
	"message": "",
	"stack": "\u001b[1;31m---------------------------------------------------------------------------\u001b[0m\n\u001b[1;31mArgumentError\u001b[0m                             Traceback (most recent call last)\nFile \u001b[1;32md:\\python\\Anaconda3\\envs\\study\\lib\\argparse.py:1858\u001b[0m, in \u001b[0;36mArgumentParser.parse_known_args\u001b[1;34m(self, args, namespace)\u001b[0m\n\u001b[0;32m   <a href='file:///d%3A/python/Anaconda3/envs/study/lib/argparse.py?line=1856'>1857</a>\u001b[0m \u001b[39mtry\u001b[39;00m:\n\u001b[1;32m-> <a href='file:///d%3A/python/Anaconda3/envs/study/lib/argparse.py?line=1857'>1858</a>\u001b[0m     namespace, args \u001b[39m=\u001b[39m \u001b[39mself\u001b[39;49m\u001b[39m.\u001b[39;49m_parse_known_args(args, namespace)\n\u001b[0;32m   <a href='file:///d%3A/python/Anaconda3/envs/study/lib/argparse.py?line=1858'>1859</a>\u001b[0m \u001b[39mexcept\u001b[39;00m ArgumentError:\n\nFile \u001b[1;32md:\\python\\Anaconda3\\envs\\study\\lib\\argparse.py:2067\u001b[0m, in \u001b[0;36mArgumentParser._parse_known_args\u001b[1;34m(self, arg_strings, namespace)\u001b[0m\n\u001b[0;32m   <a href='file:///d%3A/python/Anaconda3/envs/study/lib/argparse.py?line=2065'>2066</a>\u001b[0m     \u001b[39m# consume the next optional and any arguments for it\u001b[39;00m\n\u001b[1;32m-> <a href='file:///d%3A/python/Anaconda3/envs/study/lib/argparse.py?line=2066'>2067</a>\u001b[0m     start_index \u001b[39m=\u001b[39m consume_optional(start_index)\n\u001b[0;32m   <a href='file:///d%3A/python/Anaconda3/envs/study/lib/argparse.py?line=2068'>2069</a>\u001b[0m \u001b[39m# consume any positionals following the last Optional\u001b[39;00m\n\nFile \u001b[1;32md:\\python\\Anaconda3\\envs\\study\\lib\\argparse.py:1989\u001b[0m, in \u001b[0;36mArgumentParser._parse_known_args.<locals>.consume_optional\u001b[1;34m(start_index)\u001b[0m\n\u001b[0;32m   <a href='file:///d%3A/python/Anaconda3/envs/study/lib/argparse.py?line=1987'>1988</a>\u001b[0m         msg \u001b[39m=\u001b[39m _(\u001b[39m'\u001b[39m\u001b[39mignored explicit argument \u001b[39m\u001b[39m%r\u001b[39;00m\u001b[39m'\u001b[39m)\n\u001b[1;32m-> <a href='file:///d%3A/python/Anaconda3/envs/study/lib/argparse.py?line=1988'>1989</a>\u001b[0m         \u001b[39mraise\u001b[39;00m ArgumentError(action, msg \u001b[39m%\u001b[39m explicit_arg)\n\u001b[0;32m   <a href='file:///d%3A/python/Anaconda3/envs/study/lib/argparse.py?line=1990'>1991</a>\u001b[0m \u001b[39m# if there is no explicit argument, try to match the\u001b[39;00m\n\u001b[0;32m   <a href='file:///d%3A/python/Anaconda3/envs/study/lib/argparse.py?line=1991'>1992</a>\u001b[0m \u001b[39m# optional's string arguments with the following strings\u001b[39;00m\n\u001b[0;32m   <a href='file:///d%3A/python/Anaconda3/envs/study/lib/argparse.py?line=1992'>1993</a>\u001b[0m \u001b[39m# if successful, exit the loop\u001b[39;00m\n\u001b[0;32m   <a href='file:///d%3A/python/Anaconda3/envs/study/lib/argparse.py?line=1993'>1994</a>\u001b[0m \u001b[39melse\u001b[39;00m:\n\n\u001b[1;31mArgumentError\u001b[0m: argument -f/--failfast: ignored explicit argument 'c:\\\\Users\\\\15515\\\\AppData\\\\Roaming\\\\jupyter\\\\runtime\\\\kernel-v2-12628lqE43zFUyLgH.json'\n\nDuring handling of the above exception, another exception occurred:\n\n\u001b[1;31mSystemExit\u001b[0m                                Traceback (most recent call last)\n    \u001b[1;31m[... skipping hidden 1 frame]\u001b[0m\n\n\u001b[1;32md:\\study\\vsworkspace\\study_python\\test\\withunittest\\test_02.py\u001b[0m in \u001b[0;36mline 22\n\u001b[0;32m     <a href='file:///d%3A/study/vsworkspace/study_python/test/withunittest/test_02.py?line=20'>21</a>\u001b[0m \u001b[39mif\u001b[39;00m \u001b[39m__name__\u001b[39m \u001b[39m==\u001b[39m \u001b[39m\"\u001b[39m\u001b[39m__main__\u001b[39m\u001b[39m\"\u001b[39m:\n\u001b[1;32m---> <a href='file:///d%3A/study/vsworkspace/study_python/test/withunittest/test_02.py?line=21'>22</a>\u001b[0m     unittest\u001b[39m.\u001b[39;49mmain()\n\nFile \u001b[1;32md:\\python\\Anaconda3\\envs\\study\\lib\\unittest\\main.py:100\u001b[0m, in \u001b[0;36mTestProgram.__init__\u001b[1;34m(self, module, defaultTest, argv, testRunner, testLoader, exit, verbosity, failfast, catchbreak, buffer, warnings, tb_locals)\u001b[0m\n\u001b[0;32m     <a href='file:///d%3A/python/Anaconda3/envs/study/lib/unittest/main.py?line=98'>99</a>\u001b[0m \u001b[39mself\u001b[39m\u001b[39m.\u001b[39mprogName \u001b[39m=\u001b[39m os\u001b[39m.\u001b[39mpath\u001b[39m.\u001b[39mbasename(argv[\u001b[39m0\u001b[39m])\n\u001b[1;32m--> <a href='file:///d%3A/python/Anaconda3/envs/study/lib/unittest/main.py?line=99'>100</a>\u001b[0m \u001b[39mself\u001b[39;49m\u001b[39m.\u001b[39;49mparseArgs(argv)\n\u001b[0;32m    <a href='file:///d%3A/python/Anaconda3/envs/study/lib/unittest/main.py?line=100'>101</a>\u001b[0m \u001b[39mself\u001b[39m\u001b[39m.\u001b[39mrunTests()\n\nFile \u001b[1;32md:\\python\\Anaconda3\\envs\\study\\lib\\unittest\\main.py:133\u001b[0m, in \u001b[0;36mTestProgram.parseArgs\u001b[1;34m(self, argv)\u001b[0m\n\u001b[0;32m    <a href='file:///d%3A/python/Anaconda3/envs/study/lib/unittest/main.py?line=131'>132</a>\u001b[0m \u001b[39melse\u001b[39;00m:\n\u001b[1;32m--> <a href='file:///d%3A/python/Anaconda3/envs/study/lib/unittest/main.py?line=132'>133</a>\u001b[0m     \u001b[39mself\u001b[39;49m\u001b[39m.\u001b[39;49m_main_parser\u001b[39m.\u001b[39;49mparse_args(argv[\u001b[39m1\u001b[39;49m:], \u001b[39mself\u001b[39;49m)\n\u001b[0;32m    <a href='file:///d%3A/python/Anaconda3/envs/study/lib/unittest/main.py?line=134'>135</a>\u001b[0m \u001b[39mif\u001b[39;00m \u001b[39mself\u001b[39m\u001b[39m.\u001b[39mtests:\n\nFile \u001b[1;32md:\\python\\Anaconda3\\envs\\study\\lib\\argparse.py:1825\u001b[0m, in \u001b[0;36mArgumentParser.parse_args\u001b[1;34m(self, args, namespace)\u001b[0m\n\u001b[0;32m   <a href='file:///d%3A/python/Anaconda3/envs/study/lib/argparse.py?line=1823'>1824</a>\u001b[0m \u001b[39mdef\u001b[39;00m \u001b[39mparse_args\u001b[39m(\u001b[39mself\u001b[39m, args\u001b[39m=\u001b[39m\u001b[39mNone\u001b[39;00m, namespace\u001b[39m=\u001b[39m\u001b[39mNone\u001b[39;00m):\n\u001b[1;32m-> <a href='file:///d%3A/python/Anaconda3/envs/study/lib/argparse.py?line=1824'>1825</a>\u001b[0m     args, argv \u001b[39m=\u001b[39m \u001b[39mself\u001b[39;49m\u001b[39m.\u001b[39;49mparse_known_args(args, namespace)\n\u001b[0;32m   <a href='file:///d%3A/python/Anaconda3/envs/study/lib/argparse.py?line=1825'>1826</a>\u001b[0m     \u001b[39mif\u001b[39;00m argv:\n\nFile \u001b[1;32md:\\python\\Anaconda3\\envs\\study\\lib\\argparse.py:1861\u001b[0m, in \u001b[0;36mArgumentParser.parse_known_args\u001b[1;34m(self, args, namespace)\u001b[0m\n\u001b[0;32m   <a href='file:///d%3A/python/Anaconda3/envs/study/lib/argparse.py?line=1859'>1860</a>\u001b[0m         err \u001b[39m=\u001b[39m _sys\u001b[39m.\u001b[39mexc_info()[\u001b[39m1\u001b[39m]\n\u001b[1;32m-> <a href='file:///d%3A/python/Anaconda3/envs/study/lib/argparse.py?line=1860'>1861</a>\u001b[0m         \u001b[39mself\u001b[39;49m\u001b[39m.\u001b[39;49merror(\u001b[39mstr\u001b[39;49m(err))\n\u001b[0;32m   <a href='file:///d%3A/python/Anaconda3/envs/study/lib/argparse.py?line=1861'>1862</a>\u001b[0m \u001b[39melse\u001b[39;00m:\n\nFile \u001b[1;32md:\\python\\Anaconda3\\envs\\study\\lib\\argparse.py:2582\u001b[0m, in \u001b[0;36mArgumentParser.error\u001b[1;34m(self, message)\u001b[0m\n\u001b[0;32m   <a href='file:///d%3A/python/Anaconda3/envs/study/lib/argparse.py?line=2580'>2581</a>\u001b[0m args \u001b[39m=\u001b[39m {\u001b[39m'\u001b[39m\u001b[39mprog\u001b[39m\u001b[39m'\u001b[39m: \u001b[39mself\u001b[39m\u001b[39m.\u001b[39mprog, \u001b[39m'\u001b[39m\u001b[39mmessage\u001b[39m\u001b[39m'\u001b[39m: message}\n\u001b[1;32m-> <a href='file:///d%3A/python/Anaconda3/envs/study/lib/argparse.py?line=2581'>2582</a>\u001b[0m \u001b[39mself\u001b[39;49m\u001b[39m.\u001b[39;49mexit(\u001b[39m2\u001b[39;49m, _(\u001b[39m'\u001b[39;49m\u001b[39m%(prog)s\u001b[39;49;00m\u001b[39m: error: \u001b[39;49m\u001b[39m%(message)s\u001b[39;49;00m\u001b[39m\\n\u001b[39;49;00m\u001b[39m'\u001b[39;49m) \u001b[39m%\u001b[39;49m args)\n\nFile \u001b[1;32md:\\python\\Anaconda3\\envs\\study\\lib\\argparse.py:2569\u001b[0m, in \u001b[0;36mArgumentParser.exit\u001b[1;34m(self, status, message)\u001b[0m\n\u001b[0;32m   <a href='file:///d%3A/python/Anaconda3/envs/study/lib/argparse.py?line=2567'>2568</a>\u001b[0m     \u001b[39mself\u001b[39m\u001b[39m.\u001b[39m_print_message(message, _sys\u001b[39m.\u001b[39mstderr)\n\u001b[1;32m-> <a href='file:///d%3A/python/Anaconda3/envs/study/lib/argparse.py?line=2568'>2569</a>\u001b[0m _sys\u001b[39m.\u001b[39;49mexit(status)\n\n\u001b[1;31mSystemExit\u001b[0m: 2\n\nDuring handling of the above exception, another exception occurred:\n\n\u001b[1;31mAssertionError\u001b[0m                            Traceback (most recent call last)\n    \u001b[1;31m[... skipping hidden 1 frame]\u001b[0m\n\nFile \u001b[1;32md:\\python\\Anaconda3\\envs\\study\\lib\\site-packages\\IPython\\core\\interactiveshell.py:2042\u001b[0m, in \u001b[0;36mInteractiveShell.showtraceback\u001b[1;34m(self, exc_tuple, filename, tb_offset, exception_only, running_compiled_code)\u001b[0m\n\u001b[0;32m   <a href='file:///d%3A/python/Anaconda3/envs/study/lib/site-packages/IPython/core/interactiveshell.py?line=2038'>2039</a>\u001b[0m \u001b[39mif\u001b[39;00m exception_only:\n\u001b[0;32m   <a href='file:///d%3A/python/Anaconda3/envs/study/lib/site-packages/IPython/core/interactiveshell.py?line=2039'>2040</a>\u001b[0m     stb \u001b[39m=\u001b[39m [\u001b[39m'\u001b[39m\u001b[39mAn exception has occurred, use \u001b[39m\u001b[39m%\u001b[39m\u001b[39mtb to see \u001b[39m\u001b[39m'\u001b[39m\n\u001b[0;32m   <a href='file:///d%3A/python/Anaconda3/envs/study/lib/site-packages/IPython/core/interactiveshell.py?line=2040'>2041</a>\u001b[0m            \u001b[39m'\u001b[39m\u001b[39mthe full traceback.\u001b[39m\u001b[39m\\n\u001b[39;00m\u001b[39m'\u001b[39m]\n\u001b[1;32m-> <a href='file:///d%3A/python/Anaconda3/envs/study/lib/site-packages/IPython/core/interactiveshell.py?line=2041'>2042</a>\u001b[0m     stb\u001b[39m.\u001b[39mextend(\u001b[39mself\u001b[39;49m\u001b[39m.\u001b[39;49mInteractiveTB\u001b[39m.\u001b[39;49mget_exception_only(etype,\n\u001b[0;32m   <a href='file:///d%3A/python/Anaconda3/envs/study/lib/site-packages/IPython/core/interactiveshell.py?line=2042'>2043</a>\u001b[0m                                                      value))\n\u001b[0;32m   <a href='file:///d%3A/python/Anaconda3/envs/study/lib/site-packages/IPython/core/interactiveshell.py?line=2043'>2044</a>\u001b[0m \u001b[39melse\u001b[39;00m:\n\u001b[0;32m   <a href='file:///d%3A/python/Anaconda3/envs/study/lib/site-packages/IPython/core/interactiveshell.py?line=2044'>2045</a>\u001b[0m     \u001b[39mtry\u001b[39;00m:\n\u001b[0;32m   <a href='file:///d%3A/python/Anaconda3/envs/study/lib/site-packages/IPython/core/interactiveshell.py?line=2045'>2046</a>\u001b[0m         \u001b[39m# Exception classes can customise their traceback - we\u001b[39;00m\n\u001b[0;32m   <a href='file:///d%3A/python/Anaconda3/envs/study/lib/site-packages/IPython/core/interactiveshell.py?line=2046'>2047</a>\u001b[0m         \u001b[39m# use this in IPython.parallel for exceptions occurring\u001b[39;00m\n\u001b[0;32m   <a href='file:///d%3A/python/Anaconda3/envs/study/lib/site-packages/IPython/core/interactiveshell.py?line=2047'>2048</a>\u001b[0m         \u001b[39m# in the engines. This should return a list of strings.\u001b[39;00m\n\nFile \u001b[1;32md:\\python\\Anaconda3\\envs\\study\\lib\\site-packages\\IPython\\core\\ultratb.py:585\u001b[0m, in \u001b[0;36mListTB.get_exception_only\u001b[1;34m(self, etype, value)\u001b[0m\n\u001b[0;32m    <a href='file:///d%3A/python/Anaconda3/envs/study/lib/site-packages/IPython/core/ultratb.py?line=576'>577</a>\u001b[0m \u001b[39mdef\u001b[39;00m \u001b[39mget_exception_only\u001b[39m(\u001b[39mself\u001b[39m, etype, value):\n\u001b[0;32m    <a href='file:///d%3A/python/Anaconda3/envs/study/lib/site-packages/IPython/core/ultratb.py?line=577'>578</a>\u001b[0m     \u001b[39m\"\"\"Only print the exception type and message, without a traceback.\u001b[39;00m\n\u001b[0;32m    <a href='file:///d%3A/python/Anaconda3/envs/study/lib/site-packages/IPython/core/ultratb.py?line=578'>579</a>\u001b[0m \n\u001b[0;32m    <a href='file:///d%3A/python/Anaconda3/envs/study/lib/site-packages/IPython/core/ultratb.py?line=579'>580</a>\u001b[0m \u001b[39m    Parameters\u001b[39;00m\n\u001b[1;32m   (...)\u001b[0m\n\u001b[0;32m    <a href='file:///d%3A/python/Anaconda3/envs/study/lib/site-packages/IPython/core/ultratb.py?line=582'>583</a>\u001b[0m \u001b[39m    value : exception value\u001b[39;00m\n\u001b[0;32m    <a href='file:///d%3A/python/Anaconda3/envs/study/lib/site-packages/IPython/core/ultratb.py?line=583'>584</a>\u001b[0m \u001b[39m    \"\"\"\u001b[39;00m\n\u001b[1;32m--> <a href='file:///d%3A/python/Anaconda3/envs/study/lib/site-packages/IPython/core/ultratb.py?line=584'>585</a>\u001b[0m     \u001b[39mreturn\u001b[39;00m ListTB\u001b[39m.\u001b[39;49mstructured_traceback(\u001b[39mself\u001b[39;49m, etype, value)\n\nFile \u001b[1;32md:\\python\\Anaconda3\\envs\\study\\lib\\site-packages\\IPython\\core\\ultratb.py:452\u001b[0m, in \u001b[0;36mListTB.structured_traceback\u001b[1;34m(self, etype, evalue, etb, tb_offset, context)\u001b[0m\n\u001b[0;32m    <a href='file:///d%3A/python/Anaconda3/envs/study/lib/site-packages/IPython/core/ultratb.py?line=448'>449</a>\u001b[0m     chained_exc_ids\u001b[39m.\u001b[39madd(\u001b[39mid\u001b[39m(exception[\u001b[39m1\u001b[39m]))\n\u001b[0;32m    <a href='file:///d%3A/python/Anaconda3/envs/study/lib/site-packages/IPython/core/ultratb.py?line=449'>450</a>\u001b[0m     chained_exceptions_tb_offset \u001b[39m=\u001b[39m \u001b[39m0\u001b[39m\n\u001b[0;32m    <a href='file:///d%3A/python/Anaconda3/envs/study/lib/site-packages/IPython/core/ultratb.py?line=450'>451</a>\u001b[0m     out_list \u001b[39m=\u001b[39m (\n\u001b[1;32m--> <a href='file:///d%3A/python/Anaconda3/envs/study/lib/site-packages/IPython/core/ultratb.py?line=451'>452</a>\u001b[0m         \u001b[39mself\u001b[39;49m\u001b[39m.\u001b[39;49mstructured_traceback(\n\u001b[0;32m    <a href='file:///d%3A/python/Anaconda3/envs/study/lib/site-packages/IPython/core/ultratb.py?line=452'>453</a>\u001b[0m             etype, evalue, (etb, chained_exc_ids),\n\u001b[0;32m    <a href='file:///d%3A/python/Anaconda3/envs/study/lib/site-packages/IPython/core/ultratb.py?line=453'>454</a>\u001b[0m             chained_exceptions_tb_offset, context)\n\u001b[0;32m    <a href='file:///d%3A/python/Anaconda3/envs/study/lib/site-packages/IPython/core/ultratb.py?line=454'>455</a>\u001b[0m         \u001b[39m+\u001b[39m chained_exception_message\n\u001b[0;32m    <a href='file:///d%3A/python/Anaconda3/envs/study/lib/site-packages/IPython/core/ultratb.py?line=455'>456</a>\u001b[0m         \u001b[39m+\u001b[39m out_list)\n\u001b[0;32m    <a href='file:///d%3A/python/Anaconda3/envs/study/lib/site-packages/IPython/core/ultratb.py?line=457'>458</a>\u001b[0m \u001b[39mreturn\u001b[39;00m out_list\n\nFile \u001b[1;32md:\\python\\Anaconda3\\envs\\study\\lib\\site-packages\\IPython\\core\\ultratb.py:1118\u001b[0m, in \u001b[0;36mAutoFormattedTB.structured_traceback\u001b[1;34m(self, etype, value, tb, tb_offset, number_of_lines_of_context)\u001b[0m\n\u001b[0;32m   <a href='file:///d%3A/python/Anaconda3/envs/study/lib/site-packages/IPython/core/ultratb.py?line=1115'>1116</a>\u001b[0m \u001b[39melse\u001b[39;00m:\n\u001b[0;32m   <a href='file:///d%3A/python/Anaconda3/envs/study/lib/site-packages/IPython/core/ultratb.py?line=1116'>1117</a>\u001b[0m     \u001b[39mself\u001b[39m\u001b[39m.\u001b[39mtb \u001b[39m=\u001b[39m tb\n\u001b[1;32m-> <a href='file:///d%3A/python/Anaconda3/envs/study/lib/site-packages/IPython/core/ultratb.py?line=1117'>1118</a>\u001b[0m \u001b[39mreturn\u001b[39;00m FormattedTB\u001b[39m.\u001b[39;49mstructured_traceback(\n\u001b[0;32m   <a href='file:///d%3A/python/Anaconda3/envs/study/lib/site-packages/IPython/core/ultratb.py?line=1118'>1119</a>\u001b[0m     \u001b[39mself\u001b[39;49m, etype, value, tb, tb_offset, number_of_lines_of_context)\n\nFile \u001b[1;32md:\\python\\Anaconda3\\envs\\study\\lib\\site-packages\\IPython\\core\\ultratb.py:1012\u001b[0m, in \u001b[0;36mFormattedTB.structured_traceback\u001b[1;34m(self, etype, value, tb, tb_offset, number_of_lines_of_context)\u001b[0m\n\u001b[0;32m   <a href='file:///d%3A/python/Anaconda3/envs/study/lib/site-packages/IPython/core/ultratb.py?line=1008'>1009</a>\u001b[0m mode \u001b[39m=\u001b[39m \u001b[39mself\u001b[39m\u001b[39m.\u001b[39mmode\n\u001b[0;32m   <a href='file:///d%3A/python/Anaconda3/envs/study/lib/site-packages/IPython/core/ultratb.py?line=1009'>1010</a>\u001b[0m \u001b[39mif\u001b[39;00m mode \u001b[39min\u001b[39;00m \u001b[39mself\u001b[39m\u001b[39m.\u001b[39mverbose_modes:\n\u001b[0;32m   <a href='file:///d%3A/python/Anaconda3/envs/study/lib/site-packages/IPython/core/ultratb.py?line=1010'>1011</a>\u001b[0m     \u001b[39m# Verbose modes need a full traceback\u001b[39;00m\n\u001b[1;32m-> <a href='file:///d%3A/python/Anaconda3/envs/study/lib/site-packages/IPython/core/ultratb.py?line=1011'>1012</a>\u001b[0m     \u001b[39mreturn\u001b[39;00m VerboseTB\u001b[39m.\u001b[39;49mstructured_traceback(\n\u001b[0;32m   <a href='file:///d%3A/python/Anaconda3/envs/study/lib/site-packages/IPython/core/ultratb.py?line=1012'>1013</a>\u001b[0m         \u001b[39mself\u001b[39;49m, etype, value, tb, tb_offset, number_of_lines_of_context\n\u001b[0;32m   <a href='file:///d%3A/python/Anaconda3/envs/study/lib/site-packages/IPython/core/ultratb.py?line=1013'>1014</a>\u001b[0m     )\n\u001b[0;32m   <a href='file:///d%3A/python/Anaconda3/envs/study/lib/site-packages/IPython/core/ultratb.py?line=1014'>1015</a>\u001b[0m \u001b[39melif\u001b[39;00m mode \u001b[39m==\u001b[39m \u001b[39m'\u001b[39m\u001b[39mMinimal\u001b[39m\u001b[39m'\u001b[39m:\n\u001b[0;32m   <a href='file:///d%3A/python/Anaconda3/envs/study/lib/site-packages/IPython/core/ultratb.py?line=1015'>1016</a>\u001b[0m     \u001b[39mreturn\u001b[39;00m ListTB\u001b[39m.\u001b[39mget_exception_only(\u001b[39mself\u001b[39m, etype, value)\n\nFile \u001b[1;32md:\\python\\Anaconda3\\envs\\study\\lib\\site-packages\\IPython\\core\\ultratb.py:865\u001b[0m, in \u001b[0;36mVerboseTB.structured_traceback\u001b[1;34m(self, etype, evalue, etb, tb_offset, number_of_lines_of_context)\u001b[0m\n\u001b[0;32m    <a href='file:///d%3A/python/Anaconda3/envs/study/lib/site-packages/IPython/core/ultratb.py?line=855'>856</a>\u001b[0m \u001b[39mdef\u001b[39;00m \u001b[39mstructured_traceback\u001b[39m(\n\u001b[0;32m    <a href='file:///d%3A/python/Anaconda3/envs/study/lib/site-packages/IPython/core/ultratb.py?line=856'>857</a>\u001b[0m     \u001b[39mself\u001b[39m,\n\u001b[0;32m    <a href='file:///d%3A/python/Anaconda3/envs/study/lib/site-packages/IPython/core/ultratb.py?line=857'>858</a>\u001b[0m     etype: \u001b[39mtype\u001b[39m,\n\u001b[1;32m   (...)\u001b[0m\n\u001b[0;32m    <a href='file:///d%3A/python/Anaconda3/envs/study/lib/site-packages/IPython/core/ultratb.py?line=861'>862</a>\u001b[0m     number_of_lines_of_context: \u001b[39mint\u001b[39m \u001b[39m=\u001b[39m \u001b[39m5\u001b[39m,\n\u001b[0;32m    <a href='file:///d%3A/python/Anaconda3/envs/study/lib/site-packages/IPython/core/ultratb.py?line=862'>863</a>\u001b[0m ):\n\u001b[0;32m    <a href='file:///d%3A/python/Anaconda3/envs/study/lib/site-packages/IPython/core/ultratb.py?line=863'>864</a>\u001b[0m     \u001b[39m\"\"\"Return a nice text document describing the traceback.\"\"\"\u001b[39;00m\n\u001b[1;32m--> <a href='file:///d%3A/python/Anaconda3/envs/study/lib/site-packages/IPython/core/ultratb.py?line=864'>865</a>\u001b[0m     formatted_exception \u001b[39m=\u001b[39m \u001b[39mself\u001b[39;49m\u001b[39m.\u001b[39;49mformat_exception_as_a_whole(etype, evalue, etb, number_of_lines_of_context,\n\u001b[0;32m    <a href='file:///d%3A/python/Anaconda3/envs/study/lib/site-packages/IPython/core/ultratb.py?line=865'>866</a>\u001b[0m                                                            tb_offset)\n\u001b[0;32m    <a href='file:///d%3A/python/Anaconda3/envs/study/lib/site-packages/IPython/core/ultratb.py?line=867'>868</a>\u001b[0m     colors \u001b[39m=\u001b[39m \u001b[39mself\u001b[39m\u001b[39m.\u001b[39mColors  \u001b[39m# just a shorthand + quicker name lookup\u001b[39;00m\n\u001b[0;32m    <a href='file:///d%3A/python/Anaconda3/envs/study/lib/site-packages/IPython/core/ultratb.py?line=868'>869</a>\u001b[0m     colorsnormal \u001b[39m=\u001b[39m colors\u001b[39m.\u001b[39mNormal  \u001b[39m# used a lot\u001b[39;00m\n\nFile \u001b[1;32md:\\python\\Anaconda3\\envs\\study\\lib\\site-packages\\IPython\\core\\ultratb.py:799\u001b[0m, in \u001b[0;36mVerboseTB.format_exception_as_a_whole\u001b[1;34m(self, etype, evalue, etb, number_of_lines_of_context, tb_offset)\u001b[0m\n\u001b[0;32m    <a href='file:///d%3A/python/Anaconda3/envs/study/lib/site-packages/IPython/core/ultratb.py?line=795'>796</a>\u001b[0m \u001b[39massert\u001b[39;00m \u001b[39misinstance\u001b[39m(tb_offset, \u001b[39mint\u001b[39m)\n\u001b[0;32m    <a href='file:///d%3A/python/Anaconda3/envs/study/lib/site-packages/IPython/core/ultratb.py?line=796'>797</a>\u001b[0m head \u001b[39m=\u001b[39m \u001b[39mself\u001b[39m\u001b[39m.\u001b[39mprepare_header(etype, \u001b[39mself\u001b[39m\u001b[39m.\u001b[39mlong_header)\n\u001b[0;32m    <a href='file:///d%3A/python/Anaconda3/envs/study/lib/site-packages/IPython/core/ultratb.py?line=797'>798</a>\u001b[0m records \u001b[39m=\u001b[39m (\n\u001b[1;32m--> <a href='file:///d%3A/python/Anaconda3/envs/study/lib/site-packages/IPython/core/ultratb.py?line=798'>799</a>\u001b[0m     \u001b[39mself\u001b[39;49m\u001b[39m.\u001b[39;49mget_records(etb, number_of_lines_of_context, tb_offset) \u001b[39mif\u001b[39;00m etb \u001b[39melse\u001b[39;00m []\n\u001b[0;32m    <a href='file:///d%3A/python/Anaconda3/envs/study/lib/site-packages/IPython/core/ultratb.py?line=799'>800</a>\u001b[0m )\n\u001b[0;32m    <a href='file:///d%3A/python/Anaconda3/envs/study/lib/site-packages/IPython/core/ultratb.py?line=801'>802</a>\u001b[0m frames \u001b[39m=\u001b[39m []\n\u001b[0;32m    <a href='file:///d%3A/python/Anaconda3/envs/study/lib/site-packages/IPython/core/ultratb.py?line=802'>803</a>\u001b[0m skipped \u001b[39m=\u001b[39m \u001b[39m0\u001b[39m\n\nFile \u001b[1;32md:\\python\\Anaconda3\\envs\\study\\lib\\site-packages\\IPython\\core\\ultratb.py:854\u001b[0m, in \u001b[0;36mVerboseTB.get_records\u001b[1;34m(self, etb, number_of_lines_of_context, tb_offset)\u001b[0m\n\u001b[0;32m    <a href='file:///d%3A/python/Anaconda3/envs/study/lib/site-packages/IPython/core/ultratb.py?line=847'>848</a>\u001b[0m     formatter \u001b[39m=\u001b[39m \u001b[39mNone\u001b[39;00m\n\u001b[0;32m    <a href='file:///d%3A/python/Anaconda3/envs/study/lib/site-packages/IPython/core/ultratb.py?line=848'>849</a>\u001b[0m options \u001b[39m=\u001b[39m stack_data\u001b[39m.\u001b[39mOptions(\n\u001b[0;32m    <a href='file:///d%3A/python/Anaconda3/envs/study/lib/site-packages/IPython/core/ultratb.py?line=849'>850</a>\u001b[0m     before\u001b[39m=\u001b[39mbefore,\n\u001b[0;32m    <a href='file:///d%3A/python/Anaconda3/envs/study/lib/site-packages/IPython/core/ultratb.py?line=850'>851</a>\u001b[0m     after\u001b[39m=\u001b[39mafter,\n\u001b[0;32m    <a href='file:///d%3A/python/Anaconda3/envs/study/lib/site-packages/IPython/core/ultratb.py?line=851'>852</a>\u001b[0m     pygments_formatter\u001b[39m=\u001b[39mformatter,\n\u001b[0;32m    <a href='file:///d%3A/python/Anaconda3/envs/study/lib/site-packages/IPython/core/ultratb.py?line=852'>853</a>\u001b[0m )\n\u001b[1;32m--> <a href='file:///d%3A/python/Anaconda3/envs/study/lib/site-packages/IPython/core/ultratb.py?line=853'>854</a>\u001b[0m \u001b[39mreturn\u001b[39;00m \u001b[39mlist\u001b[39;49m(stack_data\u001b[39m.\u001b[39;49mFrameInfo\u001b[39m.\u001b[39;49mstack_data(etb, options\u001b[39m=\u001b[39;49moptions))[tb_offset:]\n\nFile \u001b[1;32md:\\python\\Anaconda3\\envs\\study\\lib\\site-packages\\stack_data\\core.py:546\u001b[0m, in \u001b[0;36mFrameInfo.stack_data\u001b[1;34m(cls, frame_or_tb, options, collapse_repeated_frames)\u001b[0m\n\u001b[0;32m    <a href='file:///d%3A/python/Anaconda3/envs/study/lib/site-packages/stack_data/core.py?line=529'>530</a>\u001b[0m \u001b[39m@classmethod\u001b[39m\n\u001b[0;32m    <a href='file:///d%3A/python/Anaconda3/envs/study/lib/site-packages/stack_data/core.py?line=530'>531</a>\u001b[0m \u001b[39mdef\u001b[39;00m \u001b[39mstack_data\u001b[39m(\n\u001b[0;32m    <a href='file:///d%3A/python/Anaconda3/envs/study/lib/site-packages/stack_data/core.py?line=531'>532</a>\u001b[0m         \u001b[39mcls\u001b[39m,\n\u001b[1;32m   (...)\u001b[0m\n\u001b[0;32m    <a href='file:///d%3A/python/Anaconda3/envs/study/lib/site-packages/stack_data/core.py?line=535'>536</a>\u001b[0m         collapse_repeated_frames: \u001b[39mbool\u001b[39m \u001b[39m=\u001b[39m \u001b[39mTrue\u001b[39;00m\n\u001b[0;32m    <a href='file:///d%3A/python/Anaconda3/envs/study/lib/site-packages/stack_data/core.py?line=536'>537</a>\u001b[0m ) \u001b[39m-\u001b[39m\u001b[39m>\u001b[39m Iterator[Union[\u001b[39m'\u001b[39m\u001b[39mFrameInfo\u001b[39m\u001b[39m'\u001b[39m, RepeatedFrames]]:\n\u001b[0;32m    <a href='file:///d%3A/python/Anaconda3/envs/study/lib/site-packages/stack_data/core.py?line=537'>538</a>\u001b[0m     \u001b[39m\"\"\"\u001b[39;00m\n\u001b[0;32m    <a href='file:///d%3A/python/Anaconda3/envs/study/lib/site-packages/stack_data/core.py?line=538'>539</a>\u001b[0m \u001b[39m    An iterator of FrameInfo and RepeatedFrames objects representing\u001b[39;00m\n\u001b[0;32m    <a href='file:///d%3A/python/Anaconda3/envs/study/lib/site-packages/stack_data/core.py?line=539'>540</a>\u001b[0m \u001b[39m    a full traceback or stack. Similar consecutive frames are collapsed into RepeatedFrames\u001b[39;00m\n\u001b[1;32m   (...)\u001b[0m\n\u001b[0;32m    <a href='file:///d%3A/python/Anaconda3/envs/study/lib/site-packages/stack_data/core.py?line=543'>544</a>\u001b[0m \u001b[39m    and optionally an Options object to configure.\u001b[39;00m\n\u001b[0;32m    <a href='file:///d%3A/python/Anaconda3/envs/study/lib/site-packages/stack_data/core.py?line=544'>545</a>\u001b[0m \u001b[39m    \"\"\"\u001b[39;00m\n\u001b[1;32m--> <a href='file:///d%3A/python/Anaconda3/envs/study/lib/site-packages/stack_data/core.py?line=545'>546</a>\u001b[0m     stack \u001b[39m=\u001b[39m \u001b[39mlist\u001b[39;49m(iter_stack(frame_or_tb))\n\u001b[0;32m    <a href='file:///d%3A/python/Anaconda3/envs/study/lib/site-packages/stack_data/core.py?line=547'>548</a>\u001b[0m     \u001b[39m# Reverse the stack from a frame so that it's in the same order\u001b[39;00m\n\u001b[0;32m    <a href='file:///d%3A/python/Anaconda3/envs/study/lib/site-packages/stack_data/core.py?line=548'>549</a>\u001b[0m     \u001b[39m# as the order from a traceback, which is the order of a printed\u001b[39;00m\n\u001b[0;32m    <a href='file:///d%3A/python/Anaconda3/envs/study/lib/site-packages/stack_data/core.py?line=549'>550</a>\u001b[0m     \u001b[39m# traceback when read top to bottom (most recent call last)\u001b[39;00m\n\u001b[0;32m    <a href='file:///d%3A/python/Anaconda3/envs/study/lib/site-packages/stack_data/core.py?line=550'>551</a>\u001b[0m     \u001b[39mif\u001b[39;00m is_frame(frame_or_tb):\n\nFile \u001b[1;32md:\\python\\Anaconda3\\envs\\study\\lib\\site-packages\\stack_data\\utils.py:98\u001b[0m, in \u001b[0;36miter_stack\u001b[1;34m(frame_or_tb)\u001b[0m\n\u001b[0;32m     <a href='file:///d%3A/python/Anaconda3/envs/study/lib/site-packages/stack_data/utils.py?line=95'>96</a>\u001b[0m \u001b[39mwhile\u001b[39;00m frame_or_tb:\n\u001b[0;32m     <a href='file:///d%3A/python/Anaconda3/envs/study/lib/site-packages/stack_data/utils.py?line=96'>97</a>\u001b[0m     \u001b[39myield\u001b[39;00m frame_or_tb\n\u001b[1;32m---> <a href='file:///d%3A/python/Anaconda3/envs/study/lib/site-packages/stack_data/utils.py?line=97'>98</a>\u001b[0m     \u001b[39mif\u001b[39;00m is_frame(frame_or_tb):\n\u001b[0;32m     <a href='file:///d%3A/python/Anaconda3/envs/study/lib/site-packages/stack_data/utils.py?line=98'>99</a>\u001b[0m         frame_or_tb \u001b[39m=\u001b[39m frame_or_tb\u001b[39m.\u001b[39mf_back\n\u001b[0;32m    <a href='file:///d%3A/python/Anaconda3/envs/study/lib/site-packages/stack_data/utils.py?line=99'>100</a>\u001b[0m     \u001b[39melse\u001b[39;00m:\n\nFile \u001b[1;32md:\\python\\Anaconda3\\envs\\study\\lib\\site-packages\\stack_data\\utils.py:91\u001b[0m, in \u001b[0;36mis_frame\u001b[1;34m(frame_or_tb)\u001b[0m\n\u001b[0;32m     <a href='file:///d%3A/python/Anaconda3/envs/study/lib/site-packages/stack_data/utils.py?line=89'>90</a>\u001b[0m \u001b[39mdef\u001b[39;00m \u001b[39mis_frame\u001b[39m(frame_or_tb: Union[FrameType, TracebackType]) \u001b[39m-\u001b[39m\u001b[39m>\u001b[39m \u001b[39mbool\u001b[39m:\n\u001b[1;32m---> <a href='file:///d%3A/python/Anaconda3/envs/study/lib/site-packages/stack_data/utils.py?line=90'>91</a>\u001b[0m     assert_(\u001b[39misinstance\u001b[39;49m(frame_or_tb, (types\u001b[39m.\u001b[39;49mFrameType, types\u001b[39m.\u001b[39;49mTracebackType)))\n\u001b[0;32m     <a href='file:///d%3A/python/Anaconda3/envs/study/lib/site-packages/stack_data/utils.py?line=91'>92</a>\u001b[0m     \u001b[39mreturn\u001b[39;00m \u001b[39misinstance\u001b[39m(frame_or_tb, (types\u001b[39m.\u001b[39mFrameType,))\n\nFile \u001b[1;32md:\\python\\Anaconda3\\envs\\study\\lib\\site-packages\\stack_data\\utils.py:172\u001b[0m, in \u001b[0;36massert_\u001b[1;34m(condition, error)\u001b[0m\n\u001b[0;32m    <a href='file:///d%3A/python/Anaconda3/envs/study/lib/site-packages/stack_data/utils.py?line=169'>170</a>\u001b[0m \u001b[39mif\u001b[39;00m \u001b[39misinstance\u001b[39m(error, \u001b[39mstr\u001b[39m):\n\u001b[0;32m    <a href='file:///d%3A/python/Anaconda3/envs/study/lib/site-packages/stack_data/utils.py?line=170'>171</a>\u001b[0m     error \u001b[39m=\u001b[39m \u001b[39mAssertionError\u001b[39;00m(error)\n\u001b[1;32m--> <a href='file:///d%3A/python/Anaconda3/envs/study/lib/site-packages/stack_data/utils.py?line=171'>172</a>\u001b[0m \u001b[39mraise\u001b[39;00m error\n\n\u001b[1;31mAssertionError\u001b[0m: "
}